PLINK v1.90p 64-bit (16 Jun 2020)
Options in effect:
  --double-id
  --make-bed
  --out resources/example/SamplePanel/ExampleSamplePanel
  --vcf resources/example/SamplePanel/ExampleSamplePanel.vcf.gz

Hostname: Sheas-iMac.local
Working directory: /Users/sheaandrews/GitCode/MitoImpute
Start time: Mon Dec 14 14:56:33 2020

Random number seed: 1607975793
32768 MB RAM detected; reserving 16384 MB for main workspace.
--vcf: resources/example/SamplePanel/ExampleSamplePanel-temporary.bed +
resources/example/SamplePanel/ExampleSamplePanel-temporary.bim +
resources/example/SamplePanel/ExampleSamplePanel-temporary.fam written.
121 variants loaded from .bim file.
505 people (0 males, 0 females, 505 ambiguous) loaded from .fam.
Ambiguous sex IDs written to
resources/example/SamplePanel/ExampleSamplePanel.nosex .
Using 1 thread (no multithreaded calculations invoked).
Before main variant filters, 505 founders and 0 nonfounders present.
Calculating allele frequencies... done.
Total genotyping rate is 0.999476.
121 variants and 505 people pass filters and QC.
Note: No phenotypes present.
--make-bed to resources/example/SamplePanel/ExampleSamplePanel.bed +
resources/example/SamplePanel/ExampleSamplePanel.bim +
resources/example/SamplePanel/ExampleSamplePanel.fam ... done.

End time: Mon Dec 14 14:56:33 2020
