PLINK v1.90b5.2 64-bit (9 Jan 2018)
Options in effect:
  --double-id
  --make-bed
  --out example/SamplePanel/ExampleSamplePanel
  --vcf example/SamplePanel/ExampleSamplePanel.vcf.gz

Hostname: sheas-imac.19e98.mountsinai.org
Working directory: /Users/sheaandrews/Dropbox/src/MitoImpute
Start time: Thu Jul 19 09:27:41 2018

Random number seed: 1532006861
32768 MB RAM detected; reserving 16384 MB for main workspace.
--vcf: example/SamplePanel/ExampleSamplePanel-temporary.bed +
example/SamplePanel/ExampleSamplePanel-temporary.bim +
example/SamplePanel/ExampleSamplePanel-temporary.fam written.
121 variants loaded from .bim file.
503 people (0 males, 0 females, 503 ambiguous) loaded from .fam.
Ambiguous sex IDs written to example/SamplePanel/ExampleSamplePanel.nosex .
Using 1 thread (no multithreaded calculations invoked).
Before main variant filters, 503 founders and 0 nonfounders present.
Calculating allele frequencies... done.
Total genotyping rate is 0.999901.
121 variants and 503 people pass filters and QC.
Note: No phenotypes present.
--make-bed to example/SamplePanel/ExampleSamplePanel.bed +
example/SamplePanel/ExampleSamplePanel.bim +
example/SamplePanel/ExampleSamplePanel.fam ... done.

End time: Thu Jul 19 09:27:41 2018
