PLINK v1.90p 64-bit (16 Jun 2020)
Options in effect:
  --bfile resources/example/SamplePanel/ExampleSamplePanel
  --chr 26
  --fam results/example/ExampleSamplePanel/ExampleSamplePanel_maleOnly.fam
  --keep-allele-order
  --make-bed
  --out results/example/ExampleSamplePanel/chrMT_ExampleSamplePanel
  --output-chr 26
  --snps-only just-acgt

Hostname: Sheas-iMac.local
Working directory: /Users/sheaandrews/GitCode/MitoImpute
Start time: Mon Dec 14 21:55:20 2020

Random number seed: 1608000920
32768 MB RAM detected; reserving 16384 MB for main workspace.
121 variants loaded from .bim file.
505 people (505 males, 0 females) loaded from .fam.
Using 1 thread (no multithreaded calculations invoked).
Before main variant filters, 505 founders and 0 nonfounders present.
Calculating allele frequencies... done.
Total genotyping rate is 0.999476.
121 variants and 505 people pass filters and QC.
Note: No phenotypes present.
--make-bed to results/example/ExampleSamplePanel/chrMT_ExampleSamplePanel.bed +
results/example/ExampleSamplePanel/chrMT_ExampleSamplePanel.bim +
results/example/ExampleSamplePanel/chrMT_ExampleSamplePanel.fam ... done.

End time: Mon Dec 14 21:55:20 2020
