PLINK v1.90p 64-bit (16 Jun 2020)
Options in effect:
  --bfile results/example/ExampleSamplePanel/chrMT_ExampleSamplePanel
  --bim results/example/ExampleSamplePanel/chrMT_ExampleSamplePanel_rcrsFlipped.bim
  --keep-allele-order
  --out results/example/ExampleSamplePanel/ExampleSamplePanel_typedOnly
  --recode

Hostname: Sheas-iMac.local
Working directory: /Users/sheaandrews/GitCode/MitoImpute
Start time: Mon Dec 14 14:57:52 2020

Random number seed: 1607975872
32768 MB RAM detected; reserving 16384 MB for main workspace.
121 variants loaded from .bim file.
505 people (505 males, 0 females) loaded from .fam.
Using 1 thread (no multithreaded calculations invoked).
Before main variant filters, 505 founders and 0 nonfounders present.
Calculating allele frequencies... done.
Total genotyping rate is 0.999476.
121 variants and 505 people pass filters and QC.
Note: No phenotypes present.
--recode ped to
results/example/ExampleSamplePanel/ExampleSamplePanel_typedOnly.ped +
results/example/ExampleSamplePanel/ExampleSamplePanel_typedOnly.map ... done.

End time: Mon Dec 14 14:57:52 2020
