PLINK v1.90b5.2 64-bit (9 Jan 2018)
Options in effect:
  --double-id
  --make-bed
  --out resources/example/example
  --vcf resources/example/example.vcf.gz

Hostname: Sheas-iMac.local
Working directory: /Users/sheaandrews/GitCode/MitoImpute
Start time: Tue Dec 15 20:17:58 2020

Random number seed: 1608081478
32768 MB RAM detected; reserving 16384 MB for main workspace.
--vcf: resources/example/example-temporary.bed +
resources/example/example-temporary.bim +
resources/example/example-temporary.fam written.
121 variants loaded from .bim file.
505 people (0 males, 0 females, 505 ambiguous) loaded from .fam.
Ambiguous sex IDs written to resources/example/example.nosex .
Using 1 thread (no multithreaded calculations invoked).
Before main variant filters, 505 founders and 0 nonfounders present.
Calculating allele frequencies... done.
Total genotyping rate is 0.999476.
121 variants and 505 people pass filters and QC.
Note: No phenotypes present.
--make-bed to resources/example/example.bed + resources/example/example.bim +
resources/example/example.fam ... done.

End time: Tue Dec 15 20:17:58 2020
