PLINK v1.90b5.2 64-bit (9 Jan 2018)
Options in effect:
  --double-id
  --out example/ReferencePanel/ReferencePanel
  --recode
  --vcf example/ReferencePanel/ReferencePanel.vcf.gz

Hostname: sheas-imac.19e98.mountsinai.org
Working directory: /Users/sheaandrews/Dropbox/src/MitoImpute
Start time: Wed May 22 16:22:39 2019

Random number seed: 1558556559
32768 MB RAM detected; reserving 16384 MB for main workspace.
--vcf: example/ReferencePanel/ReferencePanel-temporary.bed +
example/ReferencePanel/ReferencePanel-temporary.bim +
example/ReferencePanel/ReferencePanel-temporary.fam written.
410 variants loaded from .bim file.
1621 people (0 males, 0 females, 1621 ambiguous) loaded from .fam.
Ambiguous sex IDs written to example/ReferencePanel/ReferencePanel.nosex .
Using 1 thread (no multithreaded calculations invoked).
Before main variant filters, 1621 founders and 0 nonfounders present.
Calculating allele frequencies... done.
Total genotyping rate is 0.99932.
410 variants and 1621 people pass filters and QC.
Note: No phenotypes present.
--recode ped to example/ReferencePanel/ReferencePanel.ped +
example/ReferencePanel/ReferencePanel.map ... done.

End time: Wed May 22 16:22:39 2019
